<?xml version="1.0" encoding="UTF-8"?>
<testsuite name="ece448.iot_hub.PlugsResourceTests" tests="4" skipped="0" failures="0" errors="0" timestamp="2021-04-23T16:38:17" hostname="LAPTOP-08FCAOQ2" time="2.936">
  <properties/>
  <testcase name="testGetPlugs" classname="ece448.iot_hub.PlugsResourceTests" time="1.004"/>
  <testcase name="testGetPlug" classname="ece448.iot_hub.PlugsResourceTests" time="0.0"/>
  <testcase name="testGetPlugAction" classname="ece448.iot_hub.PlugsResourceTests" time="1.002"/>
  <testcase name="testGetPlugsEmpty" classname="ece448.iot_hub.PlugsResourceTests" time="0.001"/>
  <system-out><![CDATA[]]></system-out>
  <system-err><![CDATA[]]></system-err>
</testsuite>
