<?xml version="1.0" encoding="UTF-8"?>
<testsuite name="ece448.iot_sim.PlugSimTests" tests="15" skipped="0" failures="0" errors="0" timestamp="2021-04-23T16:38:20" hostname="LAPTOP-08FCAOQ2" time="0.032">
  <properties/>
  <testcase name="testSwitchOff" classname="ece448.iot_sim.PlugSimTests" time="0.001"/>
  <testcase name="testPowerSimulation" classname="ece448.iot_sim.PlugSimTests" time="0.016"/>
  <testcase name="testToggles" classname="ece448.iot_sim.PlugSimTests" time="0.0"/>
  <testcase name="testInit" classname="ece448.iot_sim.PlugSimTests" time="0.0"/>
  <testcase name="testName" classname="ece448.iot_sim.PlugSimTests" time="0.0"/>
  <testcase name="testPowerMeasureLimits" classname="ece448.iot_sim.PlugSimTests" time="0.001"/>
  <testcase name="testPowerOn" classname="ece448.iot_sim.PlugSimTests" time="0.0"/>
  <testcase name="testGlobalOn" classname="ece448.iot_sim.PlugSimTests" time="0.001"/>
  <testcase name="testObserverInitOff" classname="ece448.iot_sim.PlugSimTests" time="0.004"/>
  <testcase name="testSwitchOn" classname="ece448.iot_sim.PlugSimTests" time="0.0"/>
  <testcase name="testGlobalOff" classname="ece448.iot_sim.PlugSimTests" time="0.001"/>
  <testcase name="testObserverInitOn" classname="ece448.iot_sim.PlugSimTests" time="0.001"/>
  <testcase name="testPowerOff" classname="ece448.iot_sim.PlugSimTests" time="0.001"/>
  <testcase name="testObserverUpdate" classname="ece448.iot_sim.PlugSimTests" time="0.001"/>
  <testcase name="testToggle" classname="ece448.iot_sim.PlugSimTests" time="0.0"/>
  <system-out><![CDATA[2021-04-23 11:38:20,259 INFO Create new plug: a
2021-04-23 11:38:20,259 INFO Create new plug: b
2021-04-23 11:38:20,276 INFO Create new plug: a
2021-04-23 11:38:20,276 INFO Create new plug: a
2021-04-23 11:38:20,277 INFO Create new plug: a
2021-04-23 11:38:20,277 INFO Create new plug: b
2021-04-23 11:38:20,279 INFO Create new plug: b.200
2021-04-23 11:38:20,280 INFO Create new plug: cccccccc.1000
2021-04-23 11:38:20,281 INFO Create new plug: a
2021-04-23 11:38:20,285 INFO Create new plug: a
2021-04-23 11:38:20,286 INFO Create new plug: cccccccc.1000
2021-04-23 11:38:20,286 INFO Create new plug: a
2021-04-23 11:38:20,287 INFO Create new plug: b.200
2021-04-23 11:38:20,288 INFO Create new plug: a.42
2021-04-23 11:38:20,290 INFO Create new plug: a
]]></system-out>
  <system-err><![CDATA[]]></system-err>
</testsuite>
